\BOOKMARK [1][-]{section*.1}{\376\377\000A\000c\000k\000n\000o\000w\000l\000e\000d\000g\000e\000m\000e\000n\000t\000s}{}% 1
\BOOKMARK [1][-]{section*.2}{\376\377\000A\000b\000s\000t\000r\000a\000c\000t}{}% 2
\BOOKMARK [1][-]{section*.4}{\376\377\000L\000i\000s\000t\000\040\000o\000f\000\040\000C\000o\000d\000e\000-\000B\000l\000o\000c\000k\000s}{}% 3
\BOOKMARK [1][-]{section.1}{\376\377\000I\000n\000t\000r\000o\000d\000u\000c\000t\000i\000o\000n}{}% 4
\BOOKMARK [1][-]{section.2}{\376\377\000M\000a\000t\000e\000r\000i\000a\000l\000\040\000a\000n\000d\000\040\000M\000e\000t\000h\000o\000d\000s}{}% 5
\BOOKMARK [2][-]{subsection.2.1}{\376\377\000M\000o\000d\000e\000l\000\040\000P\000a\000c\000k\000a\000g\000i\000n\000g}{section.2}% 6
\BOOKMARK [2][-]{subsection.2.2}{\376\377\000M\000o\000d\000e\000l\000\040\000D\000e\000m\000o\000n\000s\000t\000r\000a\000t\000i\000o\000n\000s}{section.2}% 7
\BOOKMARK [3][-]{subsubsection.2.2.1}{\376\377\000D\000a\000y\000l\000i\000g\000h\000t\000\040\000S\000i\000m\000u\000l\000a\000t\000i\000o\000n}{subsection.2.2}% 8
\BOOKMARK [3][-]{subsubsection.2.2.2}{\376\377\000F\000v\000C\000B\000\040\000A\000d\000d\000o\000n}{subsection.2.2}% 9
\BOOKMARK [3][-]{subsubsection.2.2.3}{\376\377\000S\000t\000a\000n\000d\000a\000r\000d\000\040\000P\000A\000M\000\040\000S\000i\000m\000u\000l\000a\000t\000i\000o\000n}{subsection.2.2}% 10
\BOOKMARK [3][-]{subsubsection.2.2.4}{\376\377\000M\000C\000A\000\040\000o\000f\000\040\000P\000h\000o\000t\000o\000s\000y\000n\000t\000h\000e\000s\000i\000s}{subsection.2.2}% 11
\BOOKMARK [3][-]{subsubsection.2.2.5}{\376\377\000F\000i\000t\000t\000i\000n\000g\000\040\000o\000f\000\040\000F\000l\000o\000u\000r\000e\000s\000c\000e\000n\000c\000e\000\040\000a\000n\000d\000\040\000N\000P\000Q}{subsection.2.2}% 12
\BOOKMARK [2][-]{subsection.2.3}{\376\377\000G\000r\000e\000e\000n\000S\000l\000o\000t\000h\000U\000t\000i\000l\000s}{section.2}% 13
\BOOKMARK [3][-]{subsubsection.2.3.1}{\376\377\000D\000o\000c\000u\000m\000e\000n\000t\000a\000t\000i\000o\000n}{subsection.2.3}% 14
\BOOKMARK [2][-]{subsection.2.4}{\376\377\000W\000e\000b\000s\000i\000t\000e}{section.2}% 15
\BOOKMARK [2][-]{subsection.2.5}{\376\377\000A\000d\000d\000i\000t\000i\000o\000n\000a\000l\000\040\000M\000e\000t\000h\000o\000d\000s}{section.2}% 16
\BOOKMARK [3][-]{subsubsection.2.5.1}{\376\377\000U\000s\000a\000g\000e\000\040\000o\000f\000\040\000A\000I}{subsection.2.5}% 17
\BOOKMARK [1][-]{section.3}{\376\377\000R\000e\000s\000u\000l\000t\000s}{}% 18
\BOOKMARK [1][-]{section.4}{\376\377\000D\000i\000s\000c\000u\000s\000s\000i\000o\000n}{}% 19
\BOOKMARK [1][-]{section.4}{\376\377\000R\000e\000f\000e\000r\000e\000n\000c\000e\000s}{}% 20
